{"contracts/BasicNft.sol":{"l":{"14":48,"15":48,"19":17,"20":17,"21":17,"25":1},"path":"/Users/arjunbirju/Desktop/MSIS/INFO7500/Assignments/v3.0/contracts/BasicNft.sol","s":{"1":17,"2":17,"3":1},"b":{"1":[17,0]},"f":{"1":48,"2":17,"3":1},"fnMap":{"1":{"name":"constructor","line":13,"loc":{"start":{"line":13,"column":4},"end":{"line":16,"column":4}}},"2":{"name":"mintNFTtoken","line":18,"loc":{"start":{"line":18,"column":4},"end":{"line":22,"column":4}}},"3":{"name":"totalSupply","line":24,"loc":{"start":{"line":24,"column":4},"end":{"line":26,"column":4}}}},"statementMap":{"1":{"start":{"line":19,"column":8},"end":{"line":19,"column":58}},"2":{"start":{"line":20,"column":8},"end":{"line":20,"column":37}},"3":{"start":{"line":25,"column":8},"end":{"line":25,"column":26}}},"branchMap":{"1":{"line":19,"type":"if","locations":[{"start":{"line":19,"column":8},"end":{"line":19,"column":8}},{"start":{"line":19,"column":8},"end":{"line":19,"column":8}}]}}},"contracts/HuskyCoin.sol":{"l":{"10":54,"11":54},"path":"/Users/arjunbirju/Desktop/MSIS/INFO7500/Assignments/v3.0/contracts/HuskyCoin.sol","s":{"1":54},"b":{},"f":{"1":54},"fnMap":{"1":{"name":"constructor","line":9,"loc":{"start":{"line":9,"column":4},"end":{"line":12,"column":4}}}},"statementMap":{"1":{"start":{"line":11,"column":8},"end":{"line":11,"column":51}}},"branchMap":{}},"contracts/NFTDutchAuction_ERC20Bids.sol":{"l":{"37":39,"38":39,"39":39,"42":39,"43":39,"44":39,"45":39,"46":39,"47":39,"48":39,"49":39,"50":39,"62":10,"63":9,"64":9,"65":9,"66":8,"67":8,"69":8,"70":8,"71":8,"72":8,"73":8,"74":8,"83":9},"path":"/Users/arjunbirju/Desktop/MSIS/INFO7500/Assignments/v3.0/contracts/NFTDutchAuction_ERC20Bids.sol","s":{"1":10,"2":9,"3":9,"4":9,"5":8,"6":8,"7":8,"8":8,"9":8},"b":{"1":[9,1],"2":[9,0],"3":[8,1],"4":[8,0],"5":[8,0],"6":[8,0]},"f":{"1":39,"2":10,"3":9},"fnMap":{"1":{"name":"constructor","line":29,"loc":{"start":{"line":29,"column":4},"end":{"line":51,"column":4}}},"2":{"name":"bid","line":53,"loc":{"start":{"line":53,"column":4},"end":{"line":75,"column":4}}},"3":{"name":"updatePrice","line":78,"loc":{"start":{"line":78,"column":4},"end":{"line":84,"column":4}}}},"statementMap":{"1":{"start":{"line":62,"column":8},"end":{"line":62,"column":50}},"2":{"start":{"line":63,"column":8},"end":{"line":63,"column":67}},"3":{"start":{"line":64,"column":8},"end":{"line":64,"column":20}},"4":{"start":{"line":65,"column":8},"end":{"line":65,"column":78}},"5":{"start":{"line":66,"column":8},"end":{"line":66,"column":75}},"6":{"start":{"line":67,"column":8},"end":{"line":67,"column":111}},"7":{"start":{"line":69,"column":8},"end":{"line":69,"column":106}},"8":{"start":{"line":72,"column":8},"end":{"line":72,"column":81}},"9":{"start":{"line":74,"column":8},"end":{"line":74,"column":28}}},"branchMap":{"1":{"line":62,"type":"if","locations":[{"start":{"line":62,"column":8},"end":{"line":62,"column":8}},{"start":{"line":62,"column":8},"end":{"line":62,"column":8}}]},"2":{"line":63,"type":"if","locations":[{"start":{"line":63,"column":8},"end":{"line":63,"column":8}},{"start":{"line":63,"column":8},"end":{"line":63,"column":8}}]},"3":{"line":65,"type":"if","locations":[{"start":{"line":65,"column":8},"end":{"line":65,"column":8}},{"start":{"line":65,"column":8},"end":{"line":65,"column":8}}]},"4":{"line":66,"type":"if","locations":[{"start":{"line":66,"column":8},"end":{"line":66,"column":8}},{"start":{"line":66,"column":8},"end":{"line":66,"column":8}}]},"5":{"line":67,"type":"if","locations":[{"start":{"line":67,"column":8},"end":{"line":67,"column":8}},{"start":{"line":67,"column":8},"end":{"line":67,"column":8}}]},"6":{"line":69,"type":"if","locations":[{"start":{"line":69,"column":8},"end":{"line":69,"column":8}},{"start":{"line":69,"column":8},"end":{"line":69,"column":8}}]}}}}